<?xml version="1.0" encoding="UTF-8"?>
<!-- Generated by org.testng.reporters.JUnitReportReporter -->
<testsuite hostname="www-4d0fafcb685" name="parameters.NewTest2" tests="1" failures="0" timestamp="28 Jun 2015 09:34:33 GMT" time="0.015" errors="0">
  <testcase name="f1" time="0.015" classname="parameters.NewTest2"/>
</testsuite> <!-- parameters.NewTest2 -->
