<?xml version="1.0" encoding="UTF-8"?>
<!-- Generated by org.testng.reporters.JUnitReportReporter -->
<testsuite hostname="www-4d0fafcb685" name="com.NewTest1" tests="3" failures="0" timestamp="28 Jun 2015 10:28:49 GMT" time="65.781" errors="0">
  <testcase name="f1" time="21.110" classname="com.NewTest1"/>
  <testcase name="f2" time="21.218" classname="com.NewTest1"/>
  <testcase name="f3" time="23.453" classname="com.NewTest1"/>
</testsuite> <!-- com.NewTest1 -->
