<?xml version="1.0" encoding="UTF-8"?>
<!-- Generated by org.testng.reporters.JUnitReportReporter -->
<testsuite hostname="www-4d0fafcb685" name="com.NewTest" tests="2" failures="0" timestamp="28 May 2015 14:26:25 GMT" time="0.000" errors="0">
  <testcase name="Test2" time="0.000" classname="com.NewTest"/>
  <testcase name="Test1" time="0.000" classname="com.NewTest"/>
</testsuite> <!-- com.NewTest -->
