<?xml version="1.0" encoding="UTF-8"?>
<!-- Generated by org.testng.reporters.JUnitReportReporter -->
<testsuite hostname="www-4d0fafcb685" name="property.PropertyTest" tests="1" failures="0" timestamp="4 Jul 2015 08:05:23 GMT" time="9.172" errors="0">
  <testcase name="f" time="9.172" classname="property.PropertyTest"/>
</testsuite> <!-- property.PropertyTest -->
